2026-04-06 22:29:45,285 - INFO - ================================================================================
2026-04-06 22:29:45,286 - INFO - KAPALM ABLATION STUDY - POLITIFACT FAKE NEWS DETECTION
2026-04-06 22:29:45,286 - INFO - Started: 2026-04-06T22:29:45.286244
2026-04-06 22:29:45,286 - INFO - CUDA Available: True
2026-04-06 22:29:45,286 - INFO - GPU: NVIDIA GeForce RTX 4070 SUPER
2026-04-06 22:29:45,286 - INFO - ================================================================================
2026-04-06 22:29:45,286 - INFO - ================================================================================
2026-04-06 22:29:45,286 - INFO - ABLATION EXPERIMENT: wo_gp
2026-04-06 22:29:45,286 - INFO - Description: w/o Attentive Graph Pooling: concat(h, a) - removes fine-grained module
2026-04-06 22:29:45,286 - INFO - ================================================================================
2026-04-06 22:29:46,227 - INFO - 
============================================================
2026-04-06 22:29:46,227 - INFO - Fold 1/5
2026-04-06 22:29:46,227 - INFO - ============================================================
2026-04-06 22:29:47,180 - INFO - Adding head 'default' with config {'head_type': 'masked_lm', 'vocab_size': 30522, 'embedding_size': 768, 'layers': 2, 'activation_function': 'gelu', 'layer_norm': True, 'bias': True, 'shift_labels': False, 'label2id': None}.
2026-04-06 22:29:47,506 - INFO - Adding adapter 'fake_news_adapter'.
2026-04-06 22:29:47,518 - WARNING - There are adapters available but none are activated for the forward pass.
2026-04-06 22:29:47,519 - INFO - Could not identify valid prediction head(s) from setup 'Stack[fake_news_adapter]'.
2026-04-06 22:29:47,581 - INFO -   Training fold 1...
2026-04-07 00:22:26,693 - INFO -   Fold 1 - Test Acc: 0.7128, F1: 0.7354, AUC: 0.7967
2026-04-07 00:22:26,723 - INFO - 
============================================================
2026-04-07 00:22:26,723 - INFO - Fold 2/5
2026-04-07 00:22:26,723 - INFO - ============================================================
2026-04-07 00:22:27,573 - INFO - Adding head 'default' with config {'head_type': 'masked_lm', 'vocab_size': 30522, 'embedding_size': 768, 'layers': 2, 'activation_function': 'gelu', 'layer_norm': True, 'bias': True, 'shift_labels': False, 'label2id': None}.
2026-04-07 00:22:27,897 - INFO - Adding adapter 'fake_news_adapter'.
2026-04-07 00:22:27,909 - WARNING - There are adapters available but none are activated for the forward pass.
2026-04-07 00:22:27,911 - INFO - Could not identify valid prediction head(s) from setup 'Stack[fake_news_adapter]'.
2026-04-07 00:22:27,916 - INFO -   Training fold 2...
2026-04-07 02:11:34,542 - INFO -   Fold 2 - Test Acc: 0.7220, F1: 0.7442, AUC: 0.8050
2026-04-07 02:11:34,575 - INFO - 
============================================================
2026-04-07 02:11:34,575 - INFO - Fold 3/5
2026-04-07 02:11:34,575 - INFO - ============================================================
2026-04-07 02:11:35,451 - INFO - Adding head 'default' with config {'head_type': 'masked_lm', 'vocab_size': 30522, 'embedding_size': 768, 'layers': 2, 'activation_function': 'gelu', 'layer_norm': True, 'bias': True, 'shift_labels': False, 'label2id': None}.
2026-04-07 02:11:35,777 - INFO - Adding adapter 'fake_news_adapter'.
2026-04-07 02:11:35,796 - WARNING - There are adapters available but none are activated for the forward pass.
2026-04-07 02:11:35,798 - INFO - Could not identify valid prediction head(s) from setup 'Stack[fake_news_adapter]'.
2026-04-07 02:11:35,803 - INFO -   Training fold 3...
2026-04-07 04:40:15,074 - INFO -   Fold 3 - Test Acc: 0.7185, F1: 0.7381, AUC: 0.8083
2026-04-07 04:40:15,111 - INFO - 
============================================================
2026-04-07 04:40:15,111 - INFO - Fold 4/5
2026-04-07 04:40:15,111 - INFO - ============================================================
2026-04-07 04:40:16,006 - INFO - Adding head 'default' with config {'head_type': 'masked_lm', 'vocab_size': 30522, 'embedding_size': 768, 'layers': 2, 'activation_function': 'gelu', 'layer_norm': True, 'bias': True, 'shift_labels': False, 'label2id': None}.
2026-04-07 04:40:16,326 - INFO - Adding adapter 'fake_news_adapter'.
2026-04-07 04:40:16,338 - WARNING - There are adapters available but none are activated for the forward pass.
2026-04-07 04:40:16,339 - INFO - Could not identify valid prediction head(s) from setup 'Stack[fake_news_adapter]'.
2026-04-07 04:40:16,344 - INFO -   Training fold 4...
2026-04-07 05:31:51,956 - INFO -   Fold 4 - Test Acc: 0.5683, F1: 0.7135, AUC: 0.7354
2026-04-07 05:31:51,984 - INFO - 
============================================================
2026-04-07 05:31:51,985 - INFO - Fold 5/5
2026-04-07 05:31:51,985 - INFO - ============================================================
2026-04-07 05:31:52,942 - INFO - Adding head 'default' with config {'head_type': 'masked_lm', 'vocab_size': 30522, 'embedding_size': 768, 'layers': 2, 'activation_function': 'gelu', 'layer_norm': True, 'bias': True, 'shift_labels': False, 'label2id': None}.
2026-04-07 05:31:53,268 - INFO - Adding adapter 'fake_news_adapter'.
2026-04-07 05:31:53,282 - WARNING - There are adapters available but none are activated for the forward pass.
2026-04-07 05:31:53,283 - INFO - Could not identify valid prediction head(s) from setup 'Stack[fake_news_adapter]'.
2026-04-07 05:31:53,288 - INFO -   Training fold 5...
2026-04-07 07:33:05,610 - INFO -   Fold 5 - Test Acc: 0.7306, F1: 0.7460, AUC: 0.8169
2026-04-07 07:33:05,641 - INFO - 
================================================================================
2026-04-07 07:33:05,642 - INFO - RESULTS SUMMARY: wo_gp
2026-04-07 07:33:05,642 - INFO - ================================================================================
2026-04-07 07:33:05,642 - INFO -   ACCURACY: 0.6904 ± 0.0613
2026-04-07 07:33:05,642 - INFO -   PRECISION: 0.7143 ± 0.0778
2026-04-07 07:33:05,643 - INFO -   RECALL: 0.7802 ± 0.1017
2026-04-07 07:33:05,643 - INFO -   F1: 0.7354 ± 0.0116
2026-04-07 07:33:05,643 - INFO -   ROC_AUC: 0.7925 ± 0.0292
2026-04-07 07:33:05,643 - INFO -   F1_MACRO: 0.6592 ± 0.1203
2026-04-07 07:33:05,653 - INFO - Results saved to D:\farrell2\Fake News Politifact\ablation_study\politifact\results\ablation_results.json
2026-04-07 07:33:05,655 - INFO - 
Completed: 2026-04-07T07:33:05.654175
